# JRE version: OpenJDK Runtime Environment (21.0.9) (build 21.0.9+-14787801-b1163.94)
# Java VM: OpenJDK 64-Bit Server VM (21.0.9+-14787801-b1163.94, mixed mode, tiered, compressed oops, compressed class ptrs, g1 gc, windows-amd64)
GC Precious Log:
 CardTable entry size: 512
 Card Set container configuration: InlinePtr #cards 4 size 8 Array Of Cards #cards 32 size 80 Howl #buckets 8 coarsen threshold 7372 Howl Bitmap #cards 1024 size 144 coarsen threshold 921 Card regions per heap region 1 cards per card region 8192
 CPUs: 12 total, 12 available
 Memory: 15760M
 Large Page Support: Disabled
 NUMA Support: Disabled
 Compressed Oops: Enabled (Zero based)
 Heap Region Size: 4M
 Heap Min Capacity: 8M
 Heap Initial Capacity: 248M
 Heap Max Capacity: 8G
 Pre-touch: Disabled
 Parallel Workers: 10
 Concurrent Workers: 3
 Concurrent Refinement Workers: 10
 Periodic GC: Disabled
Heap:
 garbage-first heap   total 704512K, used 321928K [0x0000000600000000, 0x0000000800000000)
  region size 4096K, 19 young (77824K), 9 survivors (36864K)
 Metaspace       used 198801K, committed 201472K, reserved 1245184K
  class space    used 27284K, committed 28544K, reserved 1048576K
GC Heap History (20 events):
Event: 142.334 GC heap after
{Heap after GC invocations=82 (full 0):
 garbage-first heap   total 438272K, used 265528K [0x0000000600000000, 0x0000000800000000)
  region size 4096K, 3 young (12288K), 3 survivors (12288K)
 Metaspace       used 198005K, committed 200640K, reserved 1245184K
  class space    used 27256K, committed 28544K, reserved 1048576K
}
Event: 142.703 GC heap before
{Heap before GC invocations=83 (full 0):
 garbage-first heap   total 450560K, used 404792K [0x0000000600000000, 0x0000000800000000)
  region size 4096K, 38 young (155648K), 3 survivors (12288K)
 Metaspace       used 198210K, committed 200832K, reserved 1245184K
  class space    used 27263K, committed 28544K, reserved 1048576K
}
Event: 142.709 GC heap after
{Heap after GC invocations=84 (full 0):
 garbage-first heap   total 450560K, used 265557K [0x0000000600000000, 0x0000000800000000)
  region size 4096K, 3 young (12288K), 3 survivors (12288K)
 Metaspace       used 198210K, committed 200832K, reserved 1245184K
  class space    used 27263K, committed 28544K, reserved 1048576K
}
Event: 143.005 GC heap before
{Heap before GC invocations=84 (full 0):
 garbage-first heap   total 450560K, used 417109K [0x0000000600000000, 0x0000000800000000)
  region size 4096K, 41 young (167936K), 3 survivors (12288K)
 Metaspace       used 198311K, committed 200960K, reserved 1245184K
  class space    used 27264K, committed 28544K, reserved 1048576K
}
Event: 143.014 GC heap after
{Heap after GC invocations=85 (full 0):
 garbage-first heap   total 450560K, used 262949K [0x0000000600000000, 0x0000000800000000)
  region size 4096K, 3 young (12288K), 3 survivors (12288K)
 Metaspace       used 198311K, committed 200960K, reserved 1245184K
  class space    used 27264K, committed 28544K, reserved 1048576K
}
Event: 143.256 GC heap before
{Heap before GC invocations=85 (full 0):
 garbage-first heap   total 450560K, used 422693K [0x0000000600000000, 0x0000000800000000)
  region size 4096K, 42 young (172032K), 3 survivors (12288K)
 Metaspace       used 198464K, committed 201088K, reserved 1245184K
  class space    used 27273K, committed 28544K, reserved 1048576K
}
Event: 143.311 GC heap after
{Heap after GC invocations=86 (full 0):
 garbage-first heap   total 577536K, used 263646K [0x0000000600000000, 0x0000000800000000)
  region size 4096K, 3 young (12288K), 3 survivors (12288K)
 Metaspace       used 198464K, committed 201088K, reserved 1245184K
  class space    used 27273K, committed 28544K, reserved 1048576K
}
Event: 143.990 GC heap before
{Heap before GC invocations=87 (full 0):
 garbage-first heap   total 577536K, used 538078K [0x0000000600000000, 0x0000000800000000)
  region size 4096K, 71 young (290816K), 3 survivors (12288K)
 Metaspace       used 198308K, committed 200960K, reserved 1245184K
  class space    used 27258K, committed 28544K, reserved 1048576K
}
Event: 143.998 GC heap after
{Heap after GC invocations=88 (full 0):
 garbage-first heap   total 577536K, used 269195K [0x0000000600000000, 0x0000000800000000)
  region size 4096K, 4 young (16384K), 4 survivors (16384K)
 Metaspace       used 198308K, committed 200960K, reserved 1245184K
  class space    used 27258K, committed 28544K, reserved 1048576K
}
Event: 144.622 GC heap before
{Heap before GC invocations=88 (full 0):
 garbage-first heap   total 577536K, used 539531K [0x0000000600000000, 0x0000000800000000)
  region size 4096K, 71 young (290816K), 4 survivors (16384K)
 Metaspace       used 198427K, committed 201024K, reserved 1245184K
  class space    used 27263K, committed 28544K, reserved 1048576K
}
Event: 144.636 GC heap after
{Heap after GC invocations=89 (full 0):
 garbage-first heap   total 577536K, used 266276K [0x0000000600000000, 0x0000000800000000)
  region size 4096K, 4 young (16384K), 4 survivors (16384K)
 Metaspace       used 198427K, committed 201024K, reserved 1245184K
  class space    used 27263K, committed 28544K, reserved 1048576K
}
Event: 145.538 GC heap before
{Heap before GC invocations=89 (full 0):
 garbage-first heap   total 577536K, used 540708K [0x0000000600000000, 0x0000000800000000)
  region size 4096K, 71 young (290816K), 4 survivors (16384K)
 Metaspace       used 198585K, committed 201216K, reserved 1245184K
  class space    used 27277K, committed 28544K, reserved 1048576K
}
Event: 145.548 GC heap after
{Heap after GC invocations=90 (full 0):
 garbage-first heap   total 577536K, used 268372K [0x0000000600000000, 0x0000000800000000)
  region size 4096K, 5 young (20480K), 5 survivors (20480K)
 Metaspace       used 198585K, committed 201216K, reserved 1245184K
  class space    used 27277K, committed 28544K, reserved 1048576K
}
Event: 146.076 GC heap before
{Heap before GC invocations=91 (full 0):
 garbage-first heap   total 577536K, used 534612K [0x0000000600000000, 0x0000000800000000)
  region size 4096K, 71 young (290816K), 5 survivors (20480K)
 Metaspace       used 198659K, committed 201344K, reserved 1245184K
  class space    used 27281K, committed 28544K, reserved 1048576K
}
Event: 146.084 GC heap after
{Heap after GC invocations=92 (full 0):
 garbage-first heap   total 577536K, used 269453K [0x0000000600000000, 0x0000000800000000)
  region size 4096K, 5 young (20480K), 5 survivors (20480K)
 Metaspace       used 198659K, committed 201344K, reserved 1245184K
  class space    used 27281K, committed 28544K, reserved 1048576K
}
Event: 146.355 GC heap before
{Heap before GC invocations=92 (full 0):
 garbage-first heap   total 577536K, used 539789K [0x0000000600000000, 0x0000000800000000)
  region size 4096K, 71 young (290816K), 5 survivors (20480K)
 Metaspace       used 198687K, committed 201344K, reserved 1245184K
  class space    used 27282K, committed 28544K, reserved 1048576K
}
Event: 146.365 GC heap after
{Heap after GC invocations=93 (full 0):
 garbage-first heap   total 577536K, used 265861K [0x0000000600000000, 0x0000000800000000)
  region size 4096K, 5 young (20480K), 5 survivors (20480K)
 Metaspace       used 198687K, committed 201344K, reserved 1245184K
  class space    used 27282K, committed 28544K, reserved 1048576K
}
Event: 146.744 GC heap before
{Heap before GC invocations=93 (full 0):
 garbage-first heap   total 577536K, used 540293K [0x0000000600000000, 0x0000000800000000)
  region size 4096K, 72 young (294912K), 5 survivors (20480K)
 Metaspace       used 198729K, committed 201344K, reserved 1245184K
  class space    used 27282K, committed 28544K, reserved 1048576K
}
Event: 146.753 GC heap after
{Heap after GC invocations=94 (full 0):
 garbage-first heap   total 704512K, used 265819K [0x0000000600000000, 0x0000000800000000)
  region size 4096K, 5 young (20480K), 5 survivors (20480K)
 Metaspace       used 198729K, committed 201344K, reserved 1245184K
  class space    used 27282K, committed 28544K, reserved 1048576K
}
Event: 147.549 GC heap before
{Heap before GC invocations=95 (full 0):
 garbage-first heap   total 704512K, used 659035K [0x0000000600000000, 0x0000000800000000)
  region size 4096K, 101 young (413696K), 5 survivors (20480K)
 Metaspace       used 198791K, committed 201408K, reserved 1245184K
  class space    used 27282K, committed 28544K, reserved 1048576K
}

